* using log directory ‘/disk2/Documentos/ProjectesR/resp/resp.Rcheck’
* using R version 3.4.1 (2017-06-30)
* using platform: x86_64-pc-linux-gnu (64-bit)
* using session charset: UTF-8
* checking for file ‘resp/DESCRIPTION’ ... OK
* this is package ‘resp’ version ‘1.0.1’
* package encoding: UTF-8
* checking package namespace information ... OK
* checking package dependencies ... OK
* checking if this is a source package ... OK
* checking if there is a namespace ... OK
* checking for executable files ... OK
* checking for hidden files and directories ... NOTE
Found the following hidden files and directories:
  man/.Rhistory
These were most likely included in error. See section ‘Package
structure’ in the ‘Writing R Extensions’ manual.
* checking for portable file names ... OK
* checking for sufficient/correct file permissions ... OK
* checking whether package ‘resp’ can be installed ... OK
* checking installed package size ... OK
* checking package directory ... OK
* checking DESCRIPTION meta-information ... NOTE
Authors@R field gives no person with maintainer role, valid email
address and non-empty name.
Checking should be performed on sources prepared by ‘R CMD build’.
* checking top-level files ... OK
* checking for left-over files ... OK
* checking index information ... OK
* checking package subdirectories ... OK
* checking R files for non-ASCII characters ... OK
* checking R files for syntax errors ... OK
* checking whether the package can be loaded ... OK
* checking whether the package can be loaded with stated dependencies ... OK
* checking whether the package can be unloaded cleanly ... OK
* checking whether the namespace can be loaded with stated dependencies ... OK
* checking whether the namespace can be unloaded cleanly ... OK
* checking loading without being on the library search path ... OK
* checking dependencies in R code ... WARNING
'library' or 'require' call not declared from: ‘lme4’
'library' or 'require' calls in package code:
  ‘lme4’ ‘stats’
  Please use :: or requireNamespace() instead.
  See section 'Suggested packages' in the 'Writing R Extensions' manual.
Namespaces in Imports field not imported from:
  ‘lme4’ ‘stats’
  All declared Imports should be used.
* checking S3 generic/method consistency ... WARNING
log:
  function(x, base)
log.dataset:
  function(data, columns)

print:
  function(x, ...)
print.mresp:
  function(x)

See section ‘Generic functions and methods’ in the ‘Writing R
Extensions’ manual.
* checking replacement functions ... OK
* checking foreign function calls ... OK
* checking R code for possible problems ... NOTE
formula_from_vec: no visible global function definition for
  ‘as.formula’
mod.check: no visible global function definition for ‘anova’
mod.check: no visible global function definition for ‘shapiro.test’
mod.check: no visible global function definition for ‘residuals’
mod.check: no visible global function definition for ‘cor.test’
mod.check: no visible global function definition for ‘na.omit’
mod.check: no visible global function definition for ‘fitted’
mod.check: no visible global function definition for ‘AIC’
mod.check: no visible global function definition for ‘BIC’
mod.check: no visible global function definition for ‘logLik’
mod.check: no visible binding for global variable ‘mod_name’
mod.resp : mod.form: no visible global function definition for ‘lmer’
mod.resp: no visible global function definition for ‘na.omit’
mod.resp: no visible global function definition for ‘as.formula’
Undefined global functions or variables:
  AIC BIC anova as.formula cor.test fitted lmer logLik mod_name na.omit
  residuals shapiro.test
Consider adding
  importFrom("stats", "AIC", "BIC", "anova", "as.formula", "cor.test",
             "fitted", "logLik", "na.omit", "residuals", "shapiro.test")
to your NAMESPACE file.
* checking Rd files ... OK
* checking Rd metadata ... OK
* checking Rd cross-references ... WARNING
Unknown package ‘<pkg>’ in Rd xrefs
* checking for missing documentation entries ... OK
* checking for code/documentation mismatches ... OK
* checking Rd \usage sections ... NOTE
S3 methods shown with full name in documentation object 'log.dataset':
  ‘log.dataset’

The \usage entries for S3 methods should use the \method markup and not
their full name.
See chapter ‘Writing R documentation files’ in the ‘Writing R
Extensions’ manual.
* checking Rd contents ... OK
* checking for unstated dependencies in examples ... WARNING
Warning: parse error in file 'resp-Ex.R':
11: unexpected symbol
47: 
48: ~~ simple examples
              ^
* checking examples ... ERROR
Running examples in ‘resp-Ex.R’ failed
The error most likely occurred in:

> ### Name: mod.resp
> ### Title: Create response lmer models for a whole data.frame
> ### Aliases: mod.resp
> 
> ### ** Examples
> 
> 
> x <- data.frame(
+     Treatment=rep(c('T1','T2','T3'),5),
+     Specie=rep(c('S1','S2','S3'),5),
+     Group=rep(c('A','B','C'),5),
+     Rand=runif(n = 15),
+     Heigth=c(runif(n=15)*10),
+     Diameter=c(seq(from=2,to=8,length.out=15)*runif(n=1)),
+     Number_leaves=c(seq(from=20,to=800,length.out=15)),
+     other=runif(n=15)
+ )
> mod.resp(data = x, fixed = c('Treatment','Specie'), random='Rand', r_group = c('Group'),exclude='other')
[?] Starting modelization on  3  response elements
[+] Data row number:  15
[+] Modeling response variables to :	 ~ Treatment + Specie (1+ Rand | Group ) 
	1/3 Heigth: omit_NA n: 15fixed-effect model matrix is rank deficient so dropping 2 columns / coefficients
Warning in checkConv(attr(opt, "derivs"), opt$par, ctrl = control$checkConv,  :
  unable to evaluate scaled gradient
Warning in checkConv(attr(opt, "derivs"), opt$par, ctrl = control$checkConv,  :
  Model failed to converge: degenerate  Hessian with 1 negative eigenvalues
Warning in checkConv(attr(opt, "derivs"), opt$par, ctrl = control$checkConv,  :
  unable to evaluate scaled gradient
Warning in checkConv(attr(opt, "derivs"), opt$par, ctrl = control$checkConv,  :
  Model failed to converge: degenerate  Hessian with 1 negative eigenvalues
Warning in checkConv(attr(opt, "derivs"), opt$par, ctrl = control$checkConv,  :
  unable to evaluate scaled gradient
Warning in checkConv(attr(opt, "derivs"), opt$par, ctrl = control$checkConv,  :
  Model failed to converge: degenerate  Hessian with 1 negative eigenvalues
fixed-effect model matrix is rank deficient so dropping 6 columns / coefficients
Warning in checkConv(attr(opt, "derivs"), opt$par, ctrl = control$checkConv,  :
  unable to evaluate scaled gradient
Warning in checkConv(attr(opt, "derivs"), opt$par, ctrl = control$checkConv,  :
  Model failed to converge: degenerate  Hessian with 1 negative eigenvalues
		done
	2/3 Diameter: omit_NA n: 15fixed-effect model matrix is rank deficient so dropping 2 columns / coefficients
fixed-effect model matrix is rank deficient so dropping 6 columns / coefficients
		done
	3/3 Number_leaves: omit_NA n: 15fixed-effect model matrix is rank deficient so dropping 2 columns / coefficients
fixed-effect model matrix is rank deficient so dropping 6 columns / coefficients
		done
Error in mod.check(out, omit_NA = omit_NA) : 
  no loop for break/next, jumping to top level
Calls: mod.resp -> mod.check
Execution halted
* checking PDF version of manual ... WARNING
LaTeX errors when creating PDF version.
This typically indicates Rd problems.
* checking PDF version of manual without hyperrefs or index ... OK
* DONE
Status: 1 ERROR, 5 WARNINGs, 4 NOTEs
